Connecting to database specified by database.yml


Started GET "/assets/rails.png" for 127.0.0.1 at 2012-11-11 18:49:16 -0500
Connecting to database specified by database.yml
Served asset /rails.png - 304 Not Modified (5ms)


Started GET "/assets/rails.png" for 127.0.0.1 at 2012-11-11 18:49:21 -0500
Served asset /rails.png - 304 Not Modified (0ms)


Started GET "/assets/rails.png" for 127.0.0.1 at 2012-11-11 18:49:24 -0500
Served asset /rails.png - 304 Not Modified (0ms)
Connecting to database specified by database.yml
Connecting to database specified by database.yml
  [1m[36m (0.1ms)[0m  [1mselect sqlite_version(*)[0m
  [1m[35m (5.7ms)[0m  CREATE TABLE "schema_migrations" ("version" varchar(255) NOT NULL) 
  [1m[36m (0.1ms)[0m  [1mPRAGMA index_list("schema_migrations")[0m
  [1m[35m (1.3ms)[0m  CREATE UNIQUE INDEX "unique_schema_migrations" ON "schema_migrations" ("version")
  [1m[36m (0.1ms)[0m  [1mSELECT "schema_migrations"."version" FROM "schema_migrations" [0m
Connecting to database specified by database.yml
Connecting to database specified by database.yml
  [1m[36m (0.5ms)[0m  [1mSELECT "schema_migrations"."version" FROM "schema_migrations" [0m
Migrating to CreateUsers (20121113023222)
  [1m[35m (0.1ms)[0m  select sqlite_version(*)
  [1m[36m (0.1ms)[0m  [1mbegin transaction[0m
  [1m[35m (0.5ms)[0m  CREATE TABLE "users" ("id" INTEGER PRIMARY KEY AUTOINCREMENT NOT NULL, "name" varchar(255), "email" varchar(255), "created_at" datetime NOT NULL, "updated_at" datetime NOT NULL) 
  [1m[36m (7.2ms)[0m  [1mINSERT INTO "schema_migrations" ("version") VALUES ('20121113023222')[0m
  [1m[35m (1.6ms)[0m  commit transaction
  [1m[36m (0.3ms)[0m  [1mselect sqlite_version(*)[0m
  [1m[35m (0.1ms)[0m  SELECT "schema_migrations"."version" FROM "schema_migrations" 
  [1m[36m (0.0ms)[0m  [1mPRAGMA index_list("users")[0m
Connecting to database specified by database.yml
Connecting to database specified by database.yml
  [1m[36m (0.1ms)[0m  [1mSELECT "schema_migrations"."version" FROM "schema_migrations" [0m
  [1m[35m (0.2ms)[0m  select sqlite_version(*)
  [1m[36m (2.4ms)[0m  [1mCREATE TABLE "users" ("id" INTEGER PRIMARY KEY AUTOINCREMENT NOT NULL, "name" varchar(255), "email" varchar(255), "created_at" datetime NOT NULL, "updated_at" datetime NOT NULL) [0m
  [1m[35m (1.4ms)[0m  CREATE TABLE "schema_migrations" ("version" varchar(255) NOT NULL) 
  [1m[36m (0.0ms)[0m  [1mPRAGMA index_list("schema_migrations")[0m
  [1m[35m (1.5ms)[0m  CREATE UNIQUE INDEX "unique_schema_migrations" ON "schema_migrations" ("version")
  [1m[36m (0.1ms)[0m  [1mSELECT version FROM "schema_migrations"[0m
  [1m[35m (1.9ms)[0m  INSERT INTO "schema_migrations" (version) VALUES ('20121113023222')
Connecting to database specified by database.yml
Connecting to database specified by database.yml
  [1m[36m (0.1ms)[0m  [1mSELECT "schema_migrations"."version" FROM "schema_migrations" [0m
Migrating to CreateUsers (20121113023222)
Migrating to AddIndexToUsersEmail (20121113031016)
  [1m[35m (0.0ms)[0m  select sqlite_version(*)
  [1m[36m (0.1ms)[0m  [1mbegin transaction[0m
  [1m[35m (0.0ms)[0m  PRAGMA index_list("users")
  [1m[36m (0.3ms)[0m  [1mCREATE UNIQUE INDEX "index_users_on_email" ON "users" ("email")[0m
  [1m[35m (0.1ms)[0m  INSERT INTO "schema_migrations" ("version") VALUES ('20121113031016')
  [1m[36m (6.0ms)[0m  [1mcommit transaction[0m
  [1m[35m (0.3ms)[0m  select sqlite_version(*)
  [1m[36m (0.1ms)[0m  [1mSELECT "schema_migrations"."version" FROM "schema_migrations" [0m
  [1m[35m (0.0ms)[0m  PRAGMA index_list("users")
  [1m[36m (0.1ms)[0m  [1mPRAGMA index_info('index_users_on_email')[0m
Connecting to database specified by database.yml
Connecting to database specified by database.yml
  [1m[36m (0.1ms)[0m  [1mSELECT "schema_migrations"."version" FROM "schema_migrations" [0m
Migrating to CreateUsers (20121113023222)
Migrating to AddIndexToUsersEmail (20121113031016)
Migrating to AddPasswordDigestToUsers (20121113031633)
  [1m[35m (0.0ms)[0m  select sqlite_version(*)
  [1m[36m (0.0ms)[0m  [1mbegin transaction[0m
  [1m[35m (0.3ms)[0m  ALTER TABLE "users" ADD "password_digest" varchar(255)
  [1m[36m (0.1ms)[0m  [1mINSERT INTO "schema_migrations" ("version") VALUES ('20121113031633')[0m
  [1m[35m (6.0ms)[0m  commit transaction
  [1m[36m (0.3ms)[0m  [1mselect sqlite_version(*)[0m
  [1m[35m (0.1ms)[0m  SELECT "schema_migrations"."version" FROM "schema_migrations" 
  [1m[36m (0.0ms)[0m  [1mPRAGMA index_list("users")[0m
  [1m[35m (0.1ms)[0m  PRAGMA index_info('index_users_on_email')
Connecting to database specified by database.yml
  [1m[36m (0.1ms)[0m  [1mSELECT "schema_migrations"."version" FROM "schema_migrations" [0m
  [1m[35m (0.2ms)[0m  select sqlite_version(*)
  [1m[36m (6.0ms)[0m  [1mCREATE TABLE "users" ("id" INTEGER PRIMARY KEY AUTOINCREMENT NOT NULL, "name" varchar(255), "email" varchar(255), "created_at" datetime NOT NULL, "updated_at" datetime NOT NULL, "password_digest" varchar(255)) [0m
  [1m[35m (0.1ms)[0m  PRAGMA index_list("users")
  [1m[36m (1.7ms)[0m  [1mCREATE UNIQUE INDEX "index_users_on_email" ON "users" ("email")[0m
  [1m[35m (1.8ms)[0m  CREATE TABLE "schema_migrations" ("version" varchar(255) NOT NULL) 
  [1m[36m (0.1ms)[0m  [1mPRAGMA index_list("schema_migrations")[0m
  [1m[35m (1.3ms)[0m  CREATE UNIQUE INDEX "unique_schema_migrations" ON "schema_migrations" ("version")
  [1m[36m (0.1ms)[0m  [1mSELECT version FROM "schema_migrations"[0m
  [1m[35m (1.5ms)[0m  INSERT INTO "schema_migrations" (version) VALUES ('20121113031633')
  [1m[36m (2.2ms)[0m  [1mINSERT INTO "schema_migrations" (version) VALUES ('20121113023222')[0m
  [1m[35m (2.0ms)[0m  INSERT INTO "schema_migrations" (version) VALUES ('20121113031016')
Connecting to database specified by database.yml


Started GET "/" for 127.0.0.1 at 2013-03-18 16:44:52 -0500
Connecting to database specified by database.yml
Processing by StaticPagesController#home as HTML
  Rendered static_pages/home.html.erb within layouts/application (11.1ms)
Compiled custom.css  (2291ms)  (pid 21851)
Compiled static_pages.css  (2ms)  (pid 21851)
Compiled users.css  (1ms)  (pid 21851)
Compiled application.css  (2414ms)  (pid 21851)
Compiled jquery.js  (2ms)  (pid 21851)
Compiled jquery_ujs.js  (0ms)  (pid 21851)
Compiled static_pages.js  (472ms)  (pid 21851)
Compiled users.js  (103ms)  (pid 21851)
Compiled application.js  (696ms)  (pid 21851)
  Rendered layouts/_shim.html.erb (0.5ms)
  Rendered layouts/_header.html.erb (1.6ms)
  Rendered layouts/_footer.html.erb (1.1ms)
Completed 200 OK in 3410ms (Views: 3409.8ms | ActiveRecord: 0.0ms)


Started GET "/assets/application.css?body=1" for 127.0.0.1 at 2013-03-18 16:44:57 -0500
Served asset /application.css - 200 OK (24ms)


Started GET "/assets/custom.css?body=1" for 127.0.0.1 at 2013-03-18 16:44:57 -0500
Served asset /custom.css - 200 OK (6ms)


Started GET "/assets/static_pages.css?body=1" for 127.0.0.1 at 2013-03-18 16:44:57 -0500
Served asset /static_pages.css - 200 OK (2ms)


Started GET "/assets/users.css?body=1" for 127.0.0.1 at 2013-03-18 16:44:57 -0500
Served asset /users.css - 200 OK (1ms)


Started GET "/assets/jquery.js?body=1" for 127.0.0.1 at 2013-03-18 16:44:57 -0500
Served asset /jquery.js - 200 OK (2ms)


Started GET "/assets/jquery_ujs.js?body=1" for 127.0.0.1 at 2013-03-18 16:44:57 -0500
Served asset /jquery_ujs.js - 200 OK (2ms)


Started GET "/assets/static_pages.js?body=1" for 127.0.0.1 at 2013-03-18 16:44:57 -0500
Served asset /static_pages.js - 200 OK (1ms)


Started GET "/assets/users.js?body=1" for 127.0.0.1 at 2013-03-18 16:44:57 -0500
Served asset /users.js - 200 OK (1ms)


Started GET "/assets/application.js?body=1" for 127.0.0.1 at 2013-03-18 16:44:57 -0500
Served asset /application.js - 200 OK (6ms)


Started GET "/assets/rails.png" for 127.0.0.1 at 2013-03-18 16:44:57 -0500
Served asset /rails.png - 200 OK (29ms)


Started GET "/" for 127.0.0.1 at 2013-03-19 09:51:55 -0500
Connecting to database specified by database.yml
Processing by StaticPagesController#home as HTML
  Rendered static_pages/home.html.erb within layouts/application (3.5ms)
  Rendered layouts/_shim.html.erb (0.4ms)
  Rendered layouts/_header.html.erb (1.4ms)
  Rendered layouts/_footer.html.erb (1.1ms)
Completed 200 OK in 201ms (Views: 200.6ms | ActiveRecord: 0.0ms)


Started GET "/assets/application.css?body=1" for 127.0.0.1 at 2013-03-19 09:51:56 -0500
Served asset /application.css - 304 Not Modified (21ms)


Started GET "/assets/jquery.js?body=1" for 127.0.0.1 at 2013-03-19 09:51:56 -0500
Served asset /jquery.js - 304 Not Modified (4ms)


Started GET "/assets/application.js?body=1" for 127.0.0.1 at 2013-03-19 09:51:56 -0500
Served asset /application.js - 304 Not Modified (8ms)


Started GET "/assets/custom.css?body=1" for 127.0.0.1 at 2013-03-19 09:51:56 -0500
Served asset /custom.css - 304 Not Modified (6ms)


Started GET "/assets/static_pages.css?body=1" for 127.0.0.1 at 2013-03-19 09:51:56 -0500
Served asset /static_pages.css - 304 Not Modified (1ms)


Started GET "/assets/users.css?body=1" for 127.0.0.1 at 2013-03-19 09:51:56 -0500
Served asset /users.css - 304 Not Modified (1ms)


Started GET "/assets/jquery_ujs.js?body=1" for 127.0.0.1 at 2013-03-19 09:51:56 -0500
Served asset /jquery_ujs.js - 304 Not Modified (2ms)


Started GET "/assets/static_pages.js?body=1" for 127.0.0.1 at 2013-03-19 09:51:56 -0500
Served asset /static_pages.js - 304 Not Modified (1ms)


Started GET "/assets/users.js?body=1" for 127.0.0.1 at 2013-03-19 09:51:56 -0500
Served asset /users.js - 304 Not Modified (1ms)


Started GET "/assets/rails.png" for 127.0.0.1 at 2013-03-19 09:51:56 -0500
Served asset /rails.png - 304 Not Modified (16ms)


Started GET "/" for 127.0.0.1 at 2013-03-19 09:51:59 -0500
Processing by StaticPagesController#home as HTML
  Rendered static_pages/home.html.erb within layouts/application (0.7ms)
  Rendered layouts/_shim.html.erb (0.0ms)
  Rendered layouts/_header.html.erb (0.8ms)
  Rendered layouts/_footer.html.erb (0.5ms)
Completed 200 OK in 44ms (Views: 44.0ms | ActiveRecord: 0.0ms)


Started GET "/assets/application.css?body=1" for 127.0.0.1 at 2013-03-19 09:51:59 -0500
Served asset /application.css - 304 Not Modified (2ms)


Started GET "/assets/users.css?body=1" for 127.0.0.1 at 2013-03-19 09:51:59 -0500
Served asset /users.css - 304 Not Modified (0ms)


Started GET "/assets/static_pages.css?body=1" for 127.0.0.1 at 2013-03-19 09:51:59 -0500
Served asset /static_pages.css - 304 Not Modified (0ms)


Started GET "/assets/custom.css?body=1" for 127.0.0.1 at 2013-03-19 09:51:59 -0500
Served asset /custom.css - 304 Not Modified (2ms)


Started GET "/assets/jquery.js?body=1" for 127.0.0.1 at 2013-03-19 09:51:59 -0500
Served asset /jquery.js - 304 Not Modified (0ms)


Started GET "/assets/jquery_ujs.js?body=1" for 127.0.0.1 at 2013-03-19 09:51:59 -0500
Served asset /jquery_ujs.js - 304 Not Modified (0ms)


Started GET "/assets/static_pages.js?body=1" for 127.0.0.1 at 2013-03-19 09:51:59 -0500
Served asset /static_pages.js - 304 Not Modified (0ms)


Started GET "/assets/users.js?body=1" for 127.0.0.1 at 2013-03-19 09:51:59 -0500
Served asset /users.js - 304 Not Modified (0ms)


Started GET "/assets/application.js?body=1" for 127.0.0.1 at 2013-03-19 09:51:59 -0500
Served asset /application.js - 304 Not Modified (0ms)


Started GET "/assets/rails.png" for 127.0.0.1 at 2013-03-19 09:51:59 -0500
Served asset /rails.png - 304 Not Modified (0ms)


Started GET "/about" for 127.0.0.1 at 2013-03-19 10:49:04 -0500
Processing by StaticPagesController#about as HTML
  Rendered static_pages/about.html.erb within layouts/application (0.8ms)
  Rendered layouts/_shim.html.erb (0.1ms)
  Rendered layouts/_header.html.erb (1.4ms)
  Rendered layouts/_footer.html.erb (0.6ms)
Completed 200 OK in 74ms (Views: 73.6ms | ActiveRecord: 0.0ms)


Started GET "/assets/application.css?body=1" for 127.0.0.1 at 2013-03-19 10:49:04 -0500
Served asset /application.css - 304 Not Modified (2ms)


Started GET "/assets/custom.css?body=1" for 127.0.0.1 at 2013-03-19 10:49:04 -0500
Served asset /custom.css - 304 Not Modified (8ms)


Started GET "/assets/static_pages.css?body=1" for 127.0.0.1 at 2013-03-19 10:49:04 -0500
Served asset /static_pages.css - 304 Not Modified (0ms)


Started GET "/assets/users.css?body=1" for 127.0.0.1 at 2013-03-19 10:49:04 -0500
Served asset /users.css - 304 Not Modified (0ms)


Started GET "/assets/jquery_ujs.js?body=1" for 127.0.0.1 at 2013-03-19 10:49:04 -0500
Served asset /jquery_ujs.js - 304 Not Modified (0ms)


Started GET "/assets/jquery.js?body=1" for 127.0.0.1 at 2013-03-19 10:49:04 -0500
Served asset /jquery.js - 304 Not Modified (0ms)


Started GET "/assets/static_pages.js?body=1" for 127.0.0.1 at 2013-03-19 10:49:04 -0500
Served asset /static_pages.js - 304 Not Modified (0ms)


Started GET "/assets/users.js?body=1" for 127.0.0.1 at 2013-03-19 10:49:04 -0500
Served asset /users.js - 304 Not Modified (0ms)


Started GET "/assets/application.js?body=1" for 127.0.0.1 at 2013-03-19 10:49:04 -0500
Served asset /application.js - 304 Not Modified (0ms)


Started GET "/" for 127.0.0.1 at 2013-03-19 10:49:09 -0500
Processing by StaticPagesController#home as HTML
  Rendered static_pages/home.html.erb within layouts/application (0.6ms)
  Rendered layouts/_shim.html.erb (0.0ms)
  Rendered layouts/_header.html.erb (0.7ms)
  Rendered layouts/_footer.html.erb (0.5ms)
Completed 200 OK in 15ms (Views: 14.4ms | ActiveRecord: 0.0ms)


Started GET "/assets/application.css?body=1" for 127.0.0.1 at 2013-03-19 10:49:09 -0500
Served asset /application.css - 304 Not Modified (2ms)


Started GET "/assets/static_pages.css?body=1" for 127.0.0.1 at 2013-03-19 10:49:09 -0500
Served asset /static_pages.css - 304 Not Modified (0ms)


Started GET "/assets/jquery.js?body=1" for 127.0.0.1 at 2013-03-19 10:49:09 -0500
Served asset /jquery.js - 304 Not Modified (0ms)


Started GET "/assets/users.css?body=1" for 127.0.0.1 at 2013-03-19 10:49:09 -0500
Served asset /users.css - 304 Not Modified (0ms)


Started GET "/assets/jquery_ujs.js?body=1" for 127.0.0.1 at 2013-03-19 10:49:09 -0500
Served asset /jquery_ujs.js - 304 Not Modified (0ms)


Started GET "/assets/custom.css?body=1" for 127.0.0.1 at 2013-03-19 10:49:09 -0500
Served asset /custom.css - 304 Not Modified (2ms)


Started GET "/assets/static_pages.js?body=1" for 127.0.0.1 at 2013-03-19 10:49:09 -0500
Served asset /static_pages.js - 304 Not Modified (0ms)


Started GET "/assets/users.js?body=1" for 127.0.0.1 at 2013-03-19 10:49:09 -0500
Served asset /users.js - 304 Not Modified (0ms)


Started GET "/assets/application.js?body=1" for 127.0.0.1 at 2013-03-19 10:49:09 -0500
Served asset /application.js - 304 Not Modified (0ms)


Started GET "/assets/rails.png" for 127.0.0.1 at 2013-03-19 10:49:09 -0500
Served asset /rails.png - 304 Not Modified (0ms)


Started GET "/" for 127.0.0.1 at 2013-03-19 13:33:03 -0500
Processing by StaticPagesController#home as HTML
  Rendered static_pages/home.html.erb within layouts/application (1.1ms)
  Rendered layouts/_shim.html.erb (0.4ms)
  Rendered layouts/_header.html.erb (1.3ms)
  Rendered layouts/_footer.html.erb (1.0ms)
Completed 200 OK in 32ms (Views: 31.8ms | ActiveRecord: 0.0ms)


Started GET "/assets/custom.css?body=1" for 127.0.0.1 at 2013-03-19 13:33:03 -0500
Served asset /custom.css - 304 Not Modified (13ms)


Started GET "/assets/application.css?body=1" for 127.0.0.1 at 2013-03-19 13:33:03 -0500
Served asset /application.css - 304 Not Modified (3ms)


Started GET "/assets/users.css?body=1" for 127.0.0.1 at 2013-03-19 13:33:03 -0500
Served asset /users.css - 304 Not Modified (0ms)


Started GET "/assets/static_pages.css?body=1" for 127.0.0.1 at 2013-03-19 13:33:03 -0500
Served asset /static_pages.css - 304 Not Modified (0ms)


Started GET "/assets/jquery.js?body=1" for 127.0.0.1 at 2013-03-19 13:33:03 -0500
Served asset /jquery.js - 304 Not Modified (0ms)


Started GET "/assets/jquery_ujs.js?body=1" for 127.0.0.1 at 2013-03-19 13:33:03 -0500
Served asset /jquery_ujs.js - 304 Not Modified (0ms)


Started GET "/assets/static_pages.js?body=1" for 127.0.0.1 at 2013-03-19 13:33:03 -0500
Served asset /static_pages.js - 304 Not Modified (2ms)


Started GET "/assets/users.js?body=1" for 127.0.0.1 at 2013-03-19 13:33:03 -0500
Served asset /users.js - 304 Not Modified (0ms)


Started GET "/assets/application.js?body=1" for 127.0.0.1 at 2013-03-19 13:33:03 -0500
Served asset /application.js - 304 Not Modified (1ms)


Started GET "/assets/rails.png" for 127.0.0.1 at 2013-03-19 13:33:03 -0500
Served asset /rails.png - 304 Not Modified (16ms)


Started GET "/" for 127.0.0.1 at 2013-03-19 13:35:46 -0500
Processing by StaticPagesController#home as HTML
  Rendered static_pages/home.html.erb within layouts/application (0.7ms)
Compiled custom.css  (1371ms)  (pid 748)
Compiled application.css  (2ms)  (pid 748)
  Rendered layouts/_shim.html.erb (0.0ms)
  Rendered layouts/_header.html.erb (0.9ms)
  Rendered layouts/_footer.html.erb (0.5ms)
Completed 200 OK in 1576ms (Views: 1575.7ms | ActiveRecord: 0.0ms)


Started GET "/assets/application.css?body=1" for 127.0.0.1 at 2013-03-19 13:35:48 -0500
Served asset /application.css - 304 Not Modified (63ms)


Started GET "/assets/custom.css?body=1" for 127.0.0.1 at 2013-03-19 13:35:48 -0500
Served asset /custom.css - 200 OK (8ms)


Started GET "/assets/users.css?body=1" for 127.0.0.1 at 2013-03-19 13:35:48 -0500
Served asset /users.css - 304 Not Modified (0ms)


Started GET "/assets/static_pages.css?body=1" for 127.0.0.1 at 2013-03-19 13:35:48 -0500
Served asset /static_pages.css - 304 Not Modified (0ms)


Started GET "/assets/jquery.js?body=1" for 127.0.0.1 at 2013-03-19 13:35:48 -0500
Served asset /jquery.js - 304 Not Modified (0ms)


Started GET "/assets/jquery_ujs.js?body=1" for 127.0.0.1 at 2013-03-19 13:35:48 -0500
Served asset /jquery_ujs.js - 304 Not Modified (0ms)


Started GET "/assets/static_pages.js?body=1" for 127.0.0.1 at 2013-03-19 13:35:48 -0500
Served asset /static_pages.js - 304 Not Modified (0ms)


Started GET "/assets/application.js?body=1" for 127.0.0.1 at 2013-03-19 13:35:48 -0500
Served asset /application.js - 304 Not Modified (0ms)


Started GET "/assets/users.js?body=1" for 127.0.0.1 at 2013-03-19 13:35:48 -0500
Served asset /users.js - 304 Not Modified (0ms)


Started GET "/assets/rails.png" for 127.0.0.1 at 2013-03-19 13:35:48 -0500
Served asset /rails.png - 304 Not Modified (0ms)


Started GET "/users/1" for 127.0.0.1 at 2013-03-19 13:44:31 -0500
Processing by UsersController#show as HTML
  Parameters: {"id"=>"1"}
  [1m[36mUser Load (0.2ms)[0m  [1mSELECT "users".* FROM "users" WHERE "users"."id" = ? LIMIT 1[0m  [["id", "1"]]
  Rendered users/show.html.erb within layouts/application (0.5ms)
  Rendered layouts/_shim.html.erb (0.0ms)
  Rendered layouts/_header.html.erb (1.0ms)
  Rendered layouts/_footer.html.erb (0.5ms)
Completed 200 OK in 136ms (Views: 17.8ms | ActiveRecord: 12.2ms)


Started GET "/assets/application.css?body=1" for 127.0.0.1 at 2013-03-19 13:44:31 -0500
Served asset /application.css - 304 Not Modified (9ms)


Started GET "/assets/custom.css?body=1" for 127.0.0.1 at 2013-03-19 13:44:31 -0500
Served asset /custom.css - 304 Not Modified (2ms)


Started GET "/assets/jquery.js?body=1" for 127.0.0.1 at 2013-03-19 13:44:31 -0500
Served asset /jquery.js - 304 Not Modified (0ms)


Started GET "/assets/jquery_ujs.js?body=1" for 127.0.0.1 at 2013-03-19 13:44:31 -0500
Served asset /jquery_ujs.js - 304 Not Modified (0ms)


Started GET "/assets/static_pages.css?body=1" for 127.0.0.1 at 2013-03-19 13:44:31 -0500
Served asset /static_pages.css - 304 Not Modified (0ms)


Started GET "/assets/users.css?body=1" for 127.0.0.1 at 2013-03-19 13:44:31 -0500
Served asset /users.css - 304 Not Modified (0ms)


Started GET "/assets/static_pages.js?body=1" for 127.0.0.1 at 2013-03-19 13:44:31 -0500
Served asset /static_pages.js - 304 Not Modified (0ms)


Started GET "/assets/application.js?body=1" for 127.0.0.1 at 2013-03-19 13:44:31 -0500
Served asset /application.js - 304 Not Modified (0ms)


Started GET "/assets/users.js?body=1" for 127.0.0.1 at 2013-03-19 13:44:31 -0500
Served asset /users.js - 304 Not Modified (0ms)


Started GET "/users/1" for 127.0.0.1 at 2013-03-19 13:56:35 -0500
Processing by UsersController#show as HTML
  Parameters: {"id"=>"1"}
  [1m[35mUser Load (0.1ms)[0m  SELECT "users".* FROM "users" WHERE "users"."id" = ? LIMIT 1  [["id", "1"]]
  Rendered users/show.html.erb within layouts/application (77.5ms)
Completed 500 Internal Server Error in 81ms

ActionView::Template::Error (undefined method `gravatar_for' for #<#<Class:0x007f82b0f27c88>:0x007f82af21ee48>):
    1: <% provide(:title, @user.name) %>
    2: <h1>
    3:   <%= gravatar_for @user %>
    4:   <%= @user.name %>
    5: </h1>
  app/views/users/show.html.erb:3:in `_app_views_users_show_html_erb___2375793599792780963_70099630353600'


  Rendered /Users/rafaelwilliams/.rvm/gems/ruby-1.9.3-p194/gems/actionpack-3.2.8/lib/action_dispatch/middleware/templates/rescues/_trace.erb (2.0ms)
  Rendered /Users/rafaelwilliams/.rvm/gems/ruby-1.9.3-p194/gems/actionpack-3.2.8/lib/action_dispatch/middleware/templates/rescues/_request_and_response.erb (1.4ms)
  Rendered /Users/rafaelwilliams/.rvm/gems/ruby-1.9.3-p194/gems/actionpack-3.2.8/lib/action_dispatch/middleware/templates/rescues/template_error.erb within rescues/layout (26.3ms)


Started GET "/users/1" for 127.0.0.1 at 2013-03-19 13:58:02 -0500
Processing by UsersController#show as HTML
  Parameters: {"id"=>"1"}
  [1m[36mUser Load (0.1ms)[0m  [1mSELECT "users".* FROM "users" WHERE "users"."id" = ? LIMIT 1[0m  [["id", "1"]]
  Rendered users/show.html.erb within layouts/application (0.3ms)
  Rendered layouts/_shim.html.erb (0.0ms)
  Rendered layouts/_header.html.erb (0.8ms)
  Rendered layouts/_footer.html.erb (0.4ms)
Completed 200 OK in 26ms (Views: 15.9ms | ActiveRecord: 0.6ms)


Started GET "/assets/custom.css?body=1" for 127.0.0.1 at 2013-03-19 13:58:03 -0500
Served asset /custom.css - 304 Not Modified (2ms)


Started GET "/assets/application.css?body=1" for 127.0.0.1 at 2013-03-19 13:58:03 -0500
Served asset /application.css - 304 Not Modified (7ms)


Started GET "/assets/jquery_ujs.js?body=1" for 127.0.0.1 at 2013-03-19 13:58:03 -0500
Served asset /jquery_ujs.js - 304 Not Modified (0ms)


Started GET "/assets/static_pages.css?body=1" for 127.0.0.1 at 2013-03-19 13:58:03 -0500
Served asset /static_pages.css - 304 Not Modified (0ms)


Started GET "/assets/jquery.js?body=1" for 127.0.0.1 at 2013-03-19 13:58:03 -0500
Served asset /jquery.js - 304 Not Modified (0ms)


Started GET "/assets/users.css?body=1" for 127.0.0.1 at 2013-03-19 13:58:03 -0500
Served asset /users.css - 304 Not Modified (0ms)


Started GET "/assets/users.js?body=1" for 127.0.0.1 at 2013-03-19 13:58:03 -0500
Served asset /users.js - 304 Not Modified (0ms)


Started GET "/assets/static_pages.js?body=1" for 127.0.0.1 at 2013-03-19 13:58:03 -0500
Served asset /static_pages.js - 304 Not Modified (0ms)


Started GET "/assets/application.js?body=1" for 127.0.0.1 at 2013-03-19 13:58:03 -0500
Served asset /application.js - 304 Not Modified (0ms)


Started GET "/users/1" for 127.0.0.1 at 2013-03-19 13:59:42 -0500
Processing by UsersController#show as HTML
  Parameters: {"id"=>"1"}
  [1m[35mUser Load (0.1ms)[0m  SELECT "users".* FROM "users" WHERE "users"."id" = ? LIMIT 1  [["id", "1"]]
  Rendered users/show.html.erb within layouts/application (0.9ms)
  Rendered layouts/_shim.html.erb (0.0ms)
  Rendered layouts/_header.html.erb (0.8ms)
  Rendered layouts/_footer.html.erb (0.4ms)
Completed 200 OK in 19ms (Views: 17.3ms | ActiveRecord: 0.1ms)


Started GET "/assets/application.css?body=1" for 127.0.0.1 at 2013-03-19 13:59:42 -0500
Served asset /application.css - 304 Not Modified (11ms)


Started GET "/assets/jquery.js?body=1" for 127.0.0.1 at 2013-03-19 13:59:42 -0500
Served asset /jquery.js - 304 Not Modified (0ms)


Started GET "/assets/custom.css?body=1" for 127.0.0.1 at 2013-03-19 13:59:42 -0500
Served asset /custom.css - 304 Not Modified (2ms)


Started GET "/assets/users.css?body=1" for 127.0.0.1 at 2013-03-19 13:59:42 -0500
Served asset /users.css - 304 Not Modified (0ms)


Started GET "/assets/jquery_ujs.js?body=1" for 127.0.0.1 at 2013-03-19 13:59:42 -0500
Served asset /jquery_ujs.js - 304 Not Modified (0ms)


Started GET "/assets/static_pages.css?body=1" for 127.0.0.1 at 2013-03-19 13:59:42 -0500
Served asset /static_pages.css - 304 Not Modified (0ms)


Started GET "/assets/static_pages.js?body=1" for 127.0.0.1 at 2013-03-19 13:59:42 -0500
Served asset /static_pages.js - 304 Not Modified (0ms)


Started GET "/assets/application.js?body=1" for 127.0.0.1 at 2013-03-19 13:59:42 -0500
Served asset /application.js - 304 Not Modified (0ms)


Started GET "/assets/users.js?body=1" for 127.0.0.1 at 2013-03-19 13:59:42 -0500
Served asset /users.js - 304 Not Modified (0ms)


Started GET "/users/1" for 127.0.0.1 at 2013-03-19 14:00:30 -0500
Processing by UsersController#show as HTML
  Parameters: {"id"=>"1"}
  [1m[36mUser Load (0.1ms)[0m  [1mSELECT "users".* FROM "users" WHERE "users"."id" = ? LIMIT 1[0m  [["id", "1"]]
  Rendered users/show.html.erb within layouts/application (0.2ms)
Compiled custom.css  (1061ms)  (pid 748)
Compiled application.css  (2ms)  (pid 748)
  Rendered layouts/_shim.html.erb (0.0ms)
  Rendered layouts/_header.html.erb (0.8ms)
  Rendered layouts/_footer.html.erb (0.4ms)
Completed 200 OK in 1221ms (Views: 1219.5ms | ActiveRecord: 0.1ms)


Started GET "/assets/users.css?body=1" for 127.0.0.1 at 2013-03-19 14:00:31 -0500
Served asset /users.css - 304 Not Modified (44ms)


Started GET "/assets/static_pages.css?body=1" for 127.0.0.1 at 2013-03-19 14:00:31 -0500
Served asset /static_pages.css - 304 Not Modified (0ms)


Started GET "/assets/application.css?body=1" for 127.0.0.1 at 2013-03-19 14:00:31 -0500
Served asset /application.css - 304 Not Modified (17ms)


Started GET "/assets/custom.css?body=1" for 127.0.0.1 at 2013-03-19 14:00:31 -0500
Served asset /custom.css - 200 OK (11ms)


Started GET "/assets/jquery.js?body=1" for 127.0.0.1 at 2013-03-19 14:00:31 -0500
Served asset /jquery.js - 304 Not Modified (0ms)


Started GET "/assets/jquery_ujs.js?body=1" for 127.0.0.1 at 2013-03-19 14:00:31 -0500
Served asset /jquery_ujs.js - 304 Not Modified (0ms)


Started GET "/assets/static_pages.js?body=1" for 127.0.0.1 at 2013-03-19 14:00:31 -0500
Served asset /static_pages.js - 304 Not Modified (0ms)


Started GET "/assets/users.js?body=1" for 127.0.0.1 at 2013-03-19 14:00:31 -0500
Served asset /users.js - 304 Not Modified (0ms)


Started GET "/assets/application.js?body=1" for 127.0.0.1 at 2013-03-19 14:00:31 -0500
Served asset /application.js - 304 Not Modified (0ms)


Started GET "/" for 127.0.0.1 at 2013-03-19 14:01:03 -0500
Processing by StaticPagesController#home as HTML
  Rendered static_pages/home.html.erb within layouts/application (0.7ms)
  Rendered layouts/_shim.html.erb (0.0ms)
  Rendered layouts/_header.html.erb (0.7ms)
  Rendered layouts/_footer.html.erb (0.4ms)
Completed 200 OK in 17ms (Views: 16.2ms | ActiveRecord: 0.0ms)


Started GET "/assets/application.css?body=1" for 127.0.0.1 at 2013-03-19 14:01:03 -0500
Served asset /application.css - 304 Not Modified (5ms)


Started GET "/assets/static_pages.css?body=1" for 127.0.0.1 at 2013-03-19 14:01:03 -0500
Served asset /static_pages.css - 304 Not Modified (4ms)


Started GET "/assets/custom.css?body=1" for 127.0.0.1 at 2013-03-19 14:01:03 -0500
Served asset /custom.css - 304 Not Modified (2ms)


Started GET "/assets/jquery.js?body=1" for 127.0.0.1 at 2013-03-19 14:01:03 -0500
Served asset /jquery.js - 304 Not Modified (0ms)


Started GET "/assets/users.css?body=1" for 127.0.0.1 at 2013-03-19 14:01:03 -0500
Served asset /users.css - 304 Not Modified (0ms)


Started GET "/assets/jquery_ujs.js?body=1" for 127.0.0.1 at 2013-03-19 14:01:03 -0500
Served asset /jquery_ujs.js - 304 Not Modified (0ms)


Started GET "/assets/static_pages.js?body=1" for 127.0.0.1 at 2013-03-19 14:01:03 -0500
Served asset /static_pages.js - 304 Not Modified (0ms)


Started GET "/assets/application.js?body=1" for 127.0.0.1 at 2013-03-19 14:01:03 -0500
Served asset /application.js - 304 Not Modified (1ms)


Started GET "/assets/users.js?body=1" for 127.0.0.1 at 2013-03-19 14:01:03 -0500
Served asset /users.js - 304 Not Modified (0ms)


Started GET "/assets/rails.png" for 127.0.0.1 at 2013-03-19 14:01:03 -0500
Served asset /rails.png - 304 Not Modified (0ms)


Started GET "/signup" for 127.0.0.1 at 2013-03-19 14:01:07 -0500
Processing by UsersController#new as HTML
  Rendered users/new.html.erb within layouts/application (0.5ms)
  Rendered layouts/_shim.html.erb (0.0ms)
  Rendered layouts/_header.html.erb (0.9ms)
  Rendered layouts/_footer.html.erb (0.4ms)
Completed 200 OK in 17ms (Views: 16.6ms | ActiveRecord: 0.0ms)


Started GET "/assets/application.css?body=1" for 127.0.0.1 at 2013-03-19 14:01:07 -0500
Served asset /application.css - 304 Not Modified (3ms)


Started GET "/assets/static_pages.css?body=1" for 127.0.0.1 at 2013-03-19 14:01:07 -0500
Served asset /static_pages.css - 304 Not Modified (0ms)


Started GET "/assets/users.css?body=1" for 127.0.0.1 at 2013-03-19 14:01:07 -0500
Served asset /users.css - 304 Not Modified (0ms)


Started GET "/assets/custom.css?body=1" for 127.0.0.1 at 2013-03-19 14:01:07 -0500
Served asset /custom.css - 304 Not Modified (2ms)


Started GET "/assets/jquery_ujs.js?body=1" for 127.0.0.1 at 2013-03-19 14:01:07 -0500
Served asset /jquery_ujs.js - 304 Not Modified (0ms)


Started GET "/assets/jquery.js?body=1" for 127.0.0.1 at 2013-03-19 14:01:07 -0500
Served asset /jquery.js - 304 Not Modified (0ms)


Started GET "/assets/static_pages.js?body=1" for 127.0.0.1 at 2013-03-19 14:01:07 -0500
Served asset /static_pages.js - 304 Not Modified (0ms)


Started GET "/assets/users.js?body=1" for 127.0.0.1 at 2013-03-19 14:01:07 -0500
Served asset /users.js - 304 Not Modified (0ms)


Started GET "/assets/application.js?body=1" for 127.0.0.1 at 2013-03-19 14:01:07 -0500
Served asset /application.js - 304 Not Modified (1ms)


Started GET "/signup" for 127.0.0.1 at 2013-03-19 14:17:09 -0500
Processing by UsersController#new as HTML
  Rendered users/new.html.erb within layouts/application (10.2ms)
  Rendered layouts/_shim.html.erb (0.0ms)
  Rendered layouts/_header.html.erb (0.7ms)
  Rendered layouts/_footer.html.erb (0.4ms)
Completed 200 OK in 35ms (Views: 25.9ms | ActiveRecord: 0.5ms)


Started GET "/assets/application.css?body=1" for 127.0.0.1 at 2013-03-19 14:17:09 -0500
Served asset /application.css - 304 Not Modified (4ms)


Started GET "/assets/custom.css?body=1" for 127.0.0.1 at 2013-03-19 14:17:09 -0500
Served asset /custom.css - 304 Not Modified (2ms)


Started GET "/assets/users.css?body=1" for 127.0.0.1 at 2013-03-19 14:17:09 -0500
Served asset /users.css - 304 Not Modified (0ms)


Started GET "/assets/jquery.js?body=1" for 127.0.0.1 at 2013-03-19 14:17:09 -0500
Served asset /jquery.js - 304 Not Modified (0ms)


Started GET "/assets/jquery_ujs.js?body=1" for 127.0.0.1 at 2013-03-19 14:17:09 -0500
Served asset /jquery_ujs.js - 304 Not Modified (0ms)


Started GET "/assets/static_pages.css?body=1" for 127.0.0.1 at 2013-03-19 14:17:09 -0500
Served asset /static_pages.css - 304 Not Modified (0ms)


Started GET "/assets/static_pages.js?body=1" for 127.0.0.1 at 2013-03-19 14:17:09 -0500
Served asset /static_pages.js - 304 Not Modified (0ms)


Started GET "/assets/users.js?body=1" for 127.0.0.1 at 2013-03-19 14:17:09 -0500
Served asset /users.js - 304 Not Modified (0ms)


Started GET "/assets/application.js?body=1" for 127.0.0.1 at 2013-03-19 14:17:09 -0500
Served asset /application.js - 304 Not Modified (1ms)


Started GET "/signup" for 127.0.0.1 at 2013-03-19 14:18:06 -0500
Processing by UsersController#new as HTML
  Rendered users/new.html.erb within layouts/application (2.8ms)
Compiled custom.css  (1085ms)  (pid 748)
Compiled application.css  (2ms)  (pid 748)
  Rendered layouts/_shim.html.erb (0.0ms)
  Rendered layouts/_header.html.erb (0.8ms)
  Rendered layouts/_footer.html.erb (0.4ms)
Completed 200 OK in 1143ms (Views: 1142.5ms | ActiveRecord: 0.0ms)


Started GET "/assets/application.css?body=1" for 127.0.0.1 at 2013-03-19 14:18:07 -0500
Served asset /application.css - 304 Not Modified (64ms)


Started GET "/assets/custom.css?body=1" for 127.0.0.1 at 2013-03-19 14:18:07 -0500
Served asset /custom.css - 200 OK (8ms)


Started GET "/assets/static_pages.css?body=1" for 127.0.0.1 at 2013-03-19 14:18:07 -0500
Served asset /static_pages.css - 304 Not Modified (0ms)


Started GET "/assets/users.css?body=1" for 127.0.0.1 at 2013-03-19 14:18:07 -0500
Served asset /users.css - 304 Not Modified (0ms)


Started GET "/assets/jquery.js?body=1" for 127.0.0.1 at 2013-03-19 14:18:07 -0500
Served asset /jquery.js - 304 Not Modified (0ms)


Started GET "/assets/jquery_ujs.js?body=1" for 127.0.0.1 at 2013-03-19 14:18:07 -0500
Served asset /jquery_ujs.js - 304 Not Modified (0ms)


Started GET "/assets/static_pages.js?body=1" for 127.0.0.1 at 2013-03-19 14:18:07 -0500
Served asset /static_pages.js - 304 Not Modified (0ms)


Started GET "/assets/users.js?body=1" for 127.0.0.1 at 2013-03-19 14:18:07 -0500
Served asset /users.js - 304 Not Modified (0ms)


Started GET "/assets/application.js?body=1" for 127.0.0.1 at 2013-03-19 14:18:07 -0500
Served asset /application.js - 304 Not Modified (0ms)


Started GET "/signup" for 127.0.0.1 at 2013-03-19 14:27:15 -0500
Processing by UsersController#new as HTML
  Rendered shared/_error_messages.html.erb (0.6ms)
  Rendered users/new.html.erb within layouts/application (6.2ms)
Compiled custom.css  (1378ms)  (pid 748)
Compiled application.css  (2ms)  (pid 748)
  Rendered layouts/_shim.html.erb (0.0ms)
  Rendered layouts/_header.html.erb (0.8ms)
  Rendered layouts/_footer.html.erb (0.4ms)
Completed 200 OK in 1487ms (Views: 1478.3ms | ActiveRecord: 0.4ms)


Started GET "/assets/application.css?body=1" for 127.0.0.1 at 2013-03-19 14:27:16 -0500
Served asset /application.css - 304 Not Modified (26ms)


Started GET "/assets/users.css?body=1" for 127.0.0.1 at 2013-03-19 14:27:17 -0500
Served asset /users.css - 304 Not Modified (0ms)


Started GET "/assets/jquery.js?body=1" for 127.0.0.1 at 2013-03-19 14:27:17 -0500
Served asset /jquery.js - 304 Not Modified (0ms)


Started GET "/assets/custom.css?body=1" for 127.0.0.1 at 2013-03-19 14:27:17 -0500
Served asset /custom.css - 200 OK (8ms)


Started GET "/assets/static_pages.css?body=1" for 127.0.0.1 at 2013-03-19 14:27:17 -0500
Served asset /static_pages.css - 304 Not Modified (4ms)


Started GET "/assets/jquery_ujs.js?body=1" for 127.0.0.1 at 2013-03-19 14:27:17 -0500
Served asset /jquery_ujs.js - 304 Not Modified (0ms)


Started GET "/assets/static_pages.js?body=1" for 127.0.0.1 at 2013-03-19 14:27:17 -0500
Served asset /static_pages.js - 304 Not Modified (0ms)


Started GET "/assets/users.js?body=1" for 127.0.0.1 at 2013-03-19 14:27:17 -0500
Served asset /users.js - 304 Not Modified (0ms)


Started GET "/assets/application.js?body=1" for 127.0.0.1 at 2013-03-19 14:27:17 -0500
Served asset /application.js - 304 Not Modified (0ms)


Started POST "/users" for 127.0.0.1 at 2013-03-19 14:27:42 -0500
Processing by UsersController#create as HTML
  Parameters: {"utf8"=>"✓", "authenticity_token"=>"jByBuykWinEOlPBce5fIcR5HUZ8PX0eTj4P/HvNm6Bc=", "user"=>{"name"=>"foobar", "email"=>"emergencia", "password"=>"[FILTERED]", "password_confirmation"=>"[FILTERED]"}, "commit"=>"Create my account"}
  [1m[35m (0.1ms)[0m  begin transaction
  [1m[36mUser Exists (0.2ms)[0m  [1mSELECT 1 AS one FROM "users" WHERE LOWER("users"."email") = LOWER('emergencia') LIMIT 1[0m
  [1m[35m (0.1ms)[0m  rollback transaction
  Rendered shared/_error_messages.html.erb (3.1ms)
  Rendered users/new.html.erb within layouts/application (6.9ms)
  Rendered layouts/_shim.html.erb (0.0ms)
  Rendered layouts/_header.html.erb (0.7ms)
  Rendered layouts/_footer.html.erb (0.4ms)
Completed 200 OK in 358ms (Views: 23.9ms | ActiveRecord: 0.3ms)


Started GET "/assets/application.css?body=1" for 127.0.0.1 at 2013-03-19 14:27:42 -0500
Served asset /application.css - 304 Not Modified (3ms)


Started GET "/assets/custom.css?body=1" for 127.0.0.1 at 2013-03-19 14:27:42 -0500
Served asset /custom.css - 304 Not Modified (1ms)


Started GET "/assets/static_pages.css?body=1" for 127.0.0.1 at 2013-03-19 14:27:42 -0500
Served asset /static_pages.css - 304 Not Modified (0ms)


Started GET "/assets/users.css?body=1" for 127.0.0.1 at 2013-03-19 14:27:42 -0500
Served asset /users.css - 304 Not Modified (0ms)


Started GET "/assets/jquery.js?body=1" for 127.0.0.1 at 2013-03-19 14:27:42 -0500
Served asset /jquery.js - 304 Not Modified (0ms)


Started GET "/assets/jquery_ujs.js?body=1" for 127.0.0.1 at 2013-03-19 14:27:42 -0500
Served asset /jquery_ujs.js - 304 Not Modified (0ms)


Started GET "/assets/users.js?body=1" for 127.0.0.1 at 2013-03-19 14:27:42 -0500
Served asset /users.js - 304 Not Modified (0ms)


Started GET "/assets/static_pages.js?body=1" for 127.0.0.1 at 2013-03-19 14:27:42 -0500
Served asset /static_pages.js - 304 Not Modified (0ms)


Started GET "/assets/application.js?body=1" for 127.0.0.1 at 2013-03-19 14:27:42 -0500
Served asset /application.js - 304 Not Modified (0ms)


Started GET "/" for 127.0.0.1 at 2013-03-19 14:30:35 -0500
Processing by StaticPagesController#home as HTML
  Rendered static_pages/home.html.erb within layouts/application (0.7ms)
  Rendered layouts/_shim.html.erb (0.0ms)
  Rendered layouts/_header.html.erb (0.8ms)
  Rendered layouts/_footer.html.erb (0.4ms)
Completed 200 OK in 18ms (Views: 17.3ms | ActiveRecord: 0.0ms)


Started GET "/assets/application.css?body=1" for 127.0.0.1 at 2013-03-19 14:30:35 -0500
Served asset /application.css - 304 Not Modified (3ms)


Started GET "/assets/custom.css?body=1" for 127.0.0.1 at 2013-03-19 14:30:35 -0500
Served asset /custom.css - 304 Not Modified (2ms)


Started GET "/assets/static_pages.css?body=1" for 127.0.0.1 at 2013-03-19 14:30:35 -0500
Served asset /static_pages.css - 304 Not Modified (0ms)


Started GET "/assets/users.css?body=1" for 127.0.0.1 at 2013-03-19 14:30:35 -0500
Served asset /users.css - 304 Not Modified (0ms)


Started GET "/assets/jquery.js?body=1" for 127.0.0.1 at 2013-03-19 14:30:35 -0500
Served asset /jquery.js - 304 Not Modified (0ms)


Started GET "/assets/jquery_ujs.js?body=1" for 127.0.0.1 at 2013-03-19 14:30:35 -0500
Served asset /jquery_ujs.js - 304 Not Modified (0ms)


Started GET "/assets/static_pages.js?body=1" for 127.0.0.1 at 2013-03-19 14:30:35 -0500
Served asset /static_pages.js - 304 Not Modified (0ms)


Started GET "/assets/users.js?body=1" for 127.0.0.1 at 2013-03-19 14:30:35 -0500
Served asset /users.js - 304 Not Modified (0ms)


Started GET "/assets/application.js?body=1" for 127.0.0.1 at 2013-03-19 14:30:35 -0500
Served asset /application.js - 304 Not Modified (1ms)


Started GET "/assets/rails.png" for 127.0.0.1 at 2013-03-19 14:30:35 -0500
Served asset /rails.png - 304 Not Modified (0ms)


Started GET "/signup" for 127.0.0.1 at 2013-03-19 14:30:40 -0500
Processing by UsersController#new as HTML
  Rendered shared/_error_messages.html.erb (0.0ms)
  Rendered users/new.html.erb within layouts/application (4.7ms)
  Rendered layouts/_shim.html.erb (0.0ms)
  Rendered layouts/_header.html.erb (0.8ms)
  Rendered layouts/_footer.html.erb (0.4ms)
Completed 200 OK in 65ms (Views: 55.1ms | ActiveRecord: 0.5ms)


Started GET "/assets/application.css?body=1" for 127.0.0.1 at 2013-03-19 14:30:40 -0500
Served asset /application.css - 304 Not Modified (4ms)


Started GET "/assets/users.css?body=1" for 127.0.0.1 at 2013-03-19 14:30:40 -0500
Served asset /users.css - 304 Not Modified (2ms)


Started GET "/assets/static_pages.css?body=1" for 127.0.0.1 at 2013-03-19 14:30:40 -0500
Served asset /static_pages.css - 304 Not Modified (2ms)


Started GET "/assets/jquery_ujs.js?body=1" for 127.0.0.1 at 2013-03-19 14:30:40 -0500
Served asset /jquery_ujs.js - 304 Not Modified (0ms)


Started GET "/assets/jquery.js?body=1" for 127.0.0.1 at 2013-03-19 14:30:40 -0500
Served asset /jquery.js - 304 Not Modified (0ms)


Started GET "/assets/custom.css?body=1" for 127.0.0.1 at 2013-03-19 14:30:40 -0500
Served asset /custom.css - 304 Not Modified (2ms)


Started GET "/assets/static_pages.js?body=1" for 127.0.0.1 at 2013-03-19 14:30:40 -0500
Served asset /static_pages.js - 304 Not Modified (2ms)


Started GET "/assets/users.js?body=1" for 127.0.0.1 at 2013-03-19 14:30:40 -0500
Served asset /users.js - 304 Not Modified (0ms)


Started GET "/assets/application.js?body=1" for 127.0.0.1 at 2013-03-19 14:30:40 -0500
Served asset /application.js - 304 Not Modified (0ms)
